# JRE version: Java(TM) SE Runtime Environment 18.9 (11.0.16.1+1) (build 11.0.16.1+1-LTS-1)
# Java VM: Java HotSpot(TM) 64-Bit Server VM 18.9 (11.0.16.1+1-LTS-1, mixed mode, tiered, compressed oops, g1 gc, windows-amd64)
Heap:
 garbage-first heap   total 143360K, used 91693K [0x00000000a0c00000, 0x0000000100000000)
  region size 1024K, 33 young (33792K), 5 survivors (5120K)
 Metaspace       used 39087K, capacity 40113K, committed 40188K, reserved 1085440K
  class space    used 4357K, capacity 4798K, committed 4864K, reserved 1048576K
GC Heap History (10 events):
Event: 5.183 GC heap before
{Heap before GC invocations=8 (full 0):
 garbage-first heap   total 118784K, used 80040K [0x00000000a0c00000, 0x0000000100000000)
  region size 1024K, 49 young (50176K), 6 survivors (6144K)
 Metaspace       used 28590K, capacity 29305K, committed 29436K, reserved 1075200K
  class space    used 2982K, capacity 3303K, committed 3328K, reserved 1048576K
}
Event: 5.200 GC heap after
{Heap after GC invocations=9 (full 0):
 garbage-first heap   total 118784K, used 39855K [0x00000000a0c00000, 0x0000000100000000)
  region size 1024K, 4 young (4096K), 4 survivors (4096K)
 Metaspace       used 28590K, capacity 29305K, committed 29436K, reserved 1075200K
  class space    used 2982K, capacity 3303K, committed 3328K, reserved 1048576K
}
Event: 5.737 GC heap before
{Heap before GC invocations=9 (full 0):
 garbage-first heap   total 118784K, used 83887K [0x00000000a0c00000, 0x0000000100000000)
  region size 1024K, 47 young (48128K), 4 survivors (4096K)
 Metaspace       used 30192K, capacity 30945K, committed 31228K, reserved 1077248K
  class space    used 3160K, capacity 3509K, committed 3584K, reserved 1048576K
}
Event: 5.756 GC heap after
{Heap after GC invocations=10 (full 0):
 garbage-first heap   total 143360K, used 45056K [0x00000000a0c00000, 0x0000000100000000)
  region size 1024K, 5 young (5120K), 5 survivors (5120K)
 Metaspace       used 30192K, capacity 30945K, committed 31228K, reserved 1077248K
  class space    used 3160K, capacity 3509K, committed 3584K, reserved 1048576K
}
Event: 6.330 GC heap before
{Heap before GC invocations=10 (full 0):
 garbage-first heap   total 143360K, used 96256K [0x00000000a0c00000, 0x0000000100000000)
  region size 1024K, 55 young (56320K), 5 survivors (5120K)
 Metaspace       used 32850K, capacity 33597K, committed 33788K, reserved 1079296K
  class space    used 3484K, capacity 3801K, committed 3840K, reserved 1048576K
}
Event: 6.362 GC heap after
{Heap after GC invocations=11 (full 0):
 garbage-first heap   total 143360K, used 49546K [0x00000000a0c00000, 0x0000000100000000)
  region size 1024K, 5 young (5120K), 5 survivors (5120K)
 Metaspace       used 32850K, capacity 33597K, committed 33788K, reserved 1079296K
  class space    used 3484K, capacity 3801K, committed 3840K, reserved 1048576K
}
Event: 6.915 GC heap before
{Heap before GC invocations=11 (full 0):
 garbage-first heap   total 143360K, used 91530K [0x00000000a0c00000, 0x0000000100000000)
  region size 1024K, 47 young (48128K), 5 survivors (5120K)
 Metaspace       used 35091K, capacity 35889K, committed 36048K, reserved 1081344K
  class space    used 3780K, capacity 4141K, committed 4224K, reserved 1048576K
}
Event: 6.926 GC heap after
{Heap after GC invocations=12 (full 0):
 garbage-first heap   total 143360K, used 54135K [0x00000000a0c00000, 0x0000000100000000)
  region size 1024K, 5 young (5120K), 5 survivors (5120K)
 Metaspace       used 35091K, capacity 35889K, committed 36048K, reserved 1081344K
  class space    used 3780K, capacity 4141K, committed 4224K, reserved 1048576K
}
Event: 7.759 GC heap before
{Heap before GC invocations=13 (full 0):
 garbage-first heap   total 143360K, used 103287K [0x00000000a0c00000, 0x0000000100000000)
  region size 1024K, 53 young (54272K), 5 survivors (5120K)
 Metaspace       used 37764K, capacity 38830K, committed 38908K, reserved 1083392K
  class space    used 4167K, capacity 4605K, committed 4608K, reserved 1048576K
}
Event: 7.768 GC heap after
{Heap after GC invocations=14 (full 0):
 garbage-first heap   total 143360K, used 58925K [0x00000000a0c00000, 0x0000000100000000)
  region size 1024K, 5 young (5120K), 5 survivors (5120K)
 Metaspace       used 37764K, capacity 38830K, committed 38908K, reserved 1083392K
  class space    used 4167K, capacity 4605K, committed 4608K, reserved 1048576K
}

