# JRE version: Java(TM) SE Runtime Environment 18.9 (11.0.16.1+1) (build 11.0.16.1+1-LTS-1)
# Java VM: Java HotSpot(TM) 64-Bit Server VM 18.9 (11.0.16.1+1-LTS-1, mixed mode, tiered, compressed oops, g1 gc, windows-amd64)
Heap:
 garbage-first heap   total 174080K, used 111138K [0x00000000a0c00000, 0x0000000100000000)
  region size 1024K, 48 young (49152K), 4 survivors (4096K)
 Metaspace       used 42546K, capacity 43740K, committed 44028K, reserved 1087488K
  class space    used 4811K, capacity 5313K, committed 5376K, reserved 1048576K
GC Heap History (10 events):
Event: 5.784 GC heap before
{Heap before GC invocations=9 (full 0):
 garbage-first heap   total 119808K, used 83791K [0x00000000a0c00000, 0x0000000100000000)
  region size 1024K, 50 young (51200K), 7 survivors (7168K)
 Metaspace       used 30229K, capacity 31010K, committed 31228K, reserved 1077248K
  class space    used 3165K, capacity 3510K, committed 3584K, reserved 1048576K
}
Event: 5.802 GC heap after
{Heap after GC invocations=10 (full 0):
 garbage-first heap   total 144384K, used 44032K [0x00000000a0c00000, 0x0000000100000000)
  region size 1024K, 4 young (4096K), 4 survivors (4096K)
 Metaspace       used 30229K, capacity 31010K, committed 31228K, reserved 1077248K
  class space    used 3165K, capacity 3510K, committed 3584K, reserved 1048576K
}
Event: 6.400 GC heap before
{Heap before GC invocations=10 (full 0):
 garbage-first heap   total 144384K, used 95232K [0x00000000a0c00000, 0x0000000100000000)
  region size 1024K, 54 young (55296K), 4 survivors (4096K)
 Metaspace       used 32910K, capacity 33692K, committed 33788K, reserved 1079296K
  class space    used 3493K, capacity 3833K, committed 3840K, reserved 1048576K
}
Event: 6.412 GC heap after
{Heap after GC invocations=11 (full 0):
 garbage-first heap   total 144384K, used 49052K [0x00000000a0c00000, 0x0000000100000000)
  region size 1024K, 5 young (5120K), 5 survivors (5120K)
 Metaspace       used 32910K, capacity 33692K, committed 33788K, reserved 1079296K
  class space    used 3493K, capacity 3833K, committed 3840K, reserved 1048576K
}
Event: 6.916 GC heap before
{Heap before GC invocations=11 (full 0):
 garbage-first heap   total 144384K, used 90012K [0x00000000a0c00000, 0x0000000100000000)
  region size 1024K, 46 young (47104K), 5 survivors (5120K)
 Metaspace       used 35094K, capacity 35888K, committed 36048K, reserved 1081344K
  class space    used 3783K, capacity 4141K, committed 4224K, reserved 1048576K
}
Event: 6.928 GC heap after
{Heap after GC invocations=12 (full 0):
 garbage-first heap   total 144384K, used 53119K [0x00000000a0c00000, 0x0000000100000000)
  region size 1024K, 5 young (5120K), 5 survivors (5120K)
 Metaspace       used 35094K, capacity 35888K, committed 36048K, reserved 1081344K
  class space    used 3783K, capacity 4141K, committed 4224K, reserved 1048576K
}
Event: 7.651 GC heap before
{Heap before GC invocations=13 (full 0):
 garbage-first heap   total 144384K, used 102271K [0x00000000a0c00000, 0x0000000100000000)
  region size 1024K, 53 young (54272K), 5 survivors (5120K)
 Metaspace       used 37778K, capacity 38829K, committed 38908K, reserved 1083392K
  class space    used 4172K, capacity 4605K, committed 4608K, reserved 1048576K
}
Event: 7.662 GC heap after
{Heap after GC invocations=14 (full 0):
 garbage-first heap   total 144384K, used 57624K [0x00000000a0c00000, 0x0000000100000000)
  region size 1024K, 5 young (5120K), 5 survivors (5120K)
 Metaspace       used 37778K, capacity 38829K, committed 38908K, reserved 1083392K
  class space    used 4172K, capacity 4605K, committed 4608K, reserved 1048576K
}
Event: 9.438 GC heap before
{Heap before GC invocations=14 (full 0):
 garbage-first heap   total 144384K, used 111896K [0x00000000a0c00000, 0x0000000100000000)
  region size 1024K, 53 young (54272K), 5 survivors (5120K)
 Metaspace       used 40084K, capacity 41099K, committed 41340K, reserved 1085440K
  class space    used 4506K, capacity 4957K, committed 4992K, reserved 1048576K
}
Event: 9.453 GC heap after
{Heap after GC invocations=15 (full 0):
 garbage-first heap   total 174080K, used 67106K [0x00000000a0c00000, 0x0000000100000000)
  region size 1024K, 4 young (4096K), 4 survivors (4096K)
 Metaspace       used 40084K, capacity 41099K, committed 41340K, reserved 1085440K
  class space    used 4506K, capacity 4957K, committed 4992K, reserved 1048576K
}

