# JRE version: Java(TM) SE Runtime Environment 18.9 (11.0.16.1+1) (build 11.0.16.1+1-LTS-1)
# Java VM: Java HotSpot(TM) 64-Bit Server VM 18.9 (11.0.16.1+1-LTS-1, mixed mode, tiered, compressed oops, g1 gc, windows-amd64)
Heap:
 garbage-first heap   total 143360K, used 98439K [0x00000000a0c00000, 0x0000000100000000)
  region size 1024K, 40 young (40960K), 5 survivors (5120K)
 Metaspace       used 39478K, capacity 40478K, committed 40700K, reserved 1085440K
  class space    used 4417K, capacity 4835K, committed 4864K, reserved 1048576K
GC Heap History (10 events):
Event: 5.700 GC heap before
{Heap before GC invocations=8 (full 0):
 garbage-first heap   total 118784K, used 80375K [0x00000000a0c00000, 0x0000000100000000)
  region size 1024K, 49 young (50176K), 6 survivors (6144K)
 Metaspace       used 28572K, capacity 29303K, committed 29436K, reserved 1075200K
  class space    used 2978K, capacity 3303K, committed 3328K, reserved 1048576K
}
Event: 5.714 GC heap after
{Heap after GC invocations=9 (full 0):
 garbage-first heap   total 118784K, used 40379K [0x00000000a0c00000, 0x0000000100000000)
  region size 1024K, 5 young (5120K), 5 survivors (5120K)
 Metaspace       used 28572K, capacity 29303K, committed 29436K, reserved 1075200K
  class space    used 2978K, capacity 3303K, committed 3328K, reserved 1048576K
}
Event: 6.229 GC heap before
{Heap before GC invocations=9 (full 0):
 garbage-first heap   total 118784K, used 83387K [0x00000000a0c00000, 0x0000000100000000)
  region size 1024K, 47 young (48128K), 5 survivors (5120K)
 Metaspace       used 30144K, capacity 30876K, committed 31100K, reserved 1077248K
  class space    used 3153K, capacity 3444K, committed 3456K, reserved 1048576K
}
Event: 6.244 GC heap after
{Heap after GC invocations=10 (full 0):
 garbage-first heap   total 143360K, used 44761K [0x00000000a0c00000, 0x0000000100000000)
  region size 1024K, 5 young (5120K), 5 survivors (5120K)
 Metaspace       used 30144K, capacity 30876K, committed 31100K, reserved 1077248K
  class space    used 3153K, capacity 3444K, committed 3456K, reserved 1048576K
}
Event: 6.859 GC heap before
{Heap before GC invocations=10 (full 0):
 garbage-first heap   total 143360K, used 96985K [0x00000000a0c00000, 0x0000000100000000)
  region size 1024K, 56 young (57344K), 5 survivors (5120K)
 Metaspace       used 32149K, capacity 32892K, committed 33020K, reserved 1079296K
  class space    used 3409K, capacity 3737K, committed 3840K, reserved 1048576K
}
Event: 6.871 GC heap after
{Heap after GC invocations=11 (full 0):
 garbage-first heap   total 143360K, used 49281K [0x00000000a0c00000, 0x0000000100000000)
  region size 1024K, 5 young (5120K), 5 survivors (5120K)
 Metaspace       used 32149K, capacity 32892K, committed 33020K, reserved 1079296K
  class space    used 3409K, capacity 3737K, committed 3840K, reserved 1048576K
}
Event: 7.416 GC heap before
{Heap before GC invocations=11 (full 0):
 garbage-first heap   total 143360K, used 92289K [0x00000000a0c00000, 0x0000000100000000)
  region size 1024K, 48 young (49152K), 5 survivors (5120K)
 Metaspace       used 35088K, capacity 35883K, committed 36048K, reserved 1081344K
  class space    used 3780K, capacity 4139K, committed 4224K, reserved 1048576K
}
Event: 7.426 GC heap after
{Heap after GC invocations=12 (full 0):
 garbage-first heap   total 143360K, used 54147K [0x00000000a0c00000, 0x0000000100000000)
  region size 1024K, 5 young (5120K), 5 survivors (5120K)
 Metaspace       used 35088K, capacity 35883K, committed 36048K, reserved 1081344K
  class space    used 3780K, capacity 4139K, committed 4224K, reserved 1048576K
}
Event: 8.474 GC heap before
{Heap before GC invocations=13 (full 0):
 garbage-first heap   total 143360K, used 104323K [0x00000000a0c00000, 0x0000000100000000)
  region size 1024K, 54 young (55296K), 5 survivors (5120K)
 Metaspace       used 37819K, capacity 38829K, committed 38908K, reserved 1083392K
  class space    used 4177K, capacity 4605K, committed 4608K, reserved 1048576K
}
Event: 8.487 GC heap after
{Heap after GC invocations=14 (full 0):
 garbage-first heap   total 143360K, used 58503K [0x00000000a0c00000, 0x0000000100000000)
  region size 1024K, 5 young (5120K), 5 survivors (5120K)
 Metaspace       used 37819K, capacity 38829K, committed 38908K, reserved 1083392K
  class space    used 4177K, capacity 4605K, committed 4608K, reserved 1048576K
}

