# JRE version: Java(TM) SE Runtime Environment 18.9 (11.0.16.1+1) (build 11.0.16.1+1-LTS-1)
# Java VM: Java HotSpot(TM) 64-Bit Server VM 18.9 (11.0.16.1+1-LTS-1, mixed mode, tiered, compressed oops, g1 gc, windows-amd64)
Heap:
 garbage-first heap   total 143360K, used 72893K [0x00000000a0c00000, 0x0000000100000000)
  region size 1024K, 25 young (25600K), 5 survivors (5120K)
 Metaspace       used 36451K, capacity 37380K, committed 37500K, reserved 1083392K
  class space    used 3993K, capacity 4390K, committed 4476K, reserved 1048576K
GC Heap History (10 events):
Event: 4.705 GC heap before
{Heap before GC invocations=7 (full 0):
 garbage-first heap   total 118784K, used 76288K [0x00000000a0c00000, 0x0000000100000000)
  region size 1024K, 48 young (49152K), 5 survivors (5120K)
 Metaspace       used 25647K, capacity 26306K, committed 26620K, reserved 1073152K
  class space    used 2639K, capacity 2923K, committed 3068K, reserved 1048576K
}
Event: 4.721 GC heap after
{Heap after GC invocations=8 (full 0):
 garbage-first heap   total 118784K, used 35688K [0x00000000a0c00000, 0x0000000100000000)
  region size 1024K, 6 young (6144K), 6 survivors (6144K)
 Metaspace       used 25647K, capacity 26306K, committed 26620K, reserved 1073152K
  class space    used 2639K, capacity 2923K, committed 3068K, reserved 1048576K
}
Event: 5.268 GC heap before
{Heap before GC invocations=8 (full 0):
 garbage-first heap   total 118784K, used 79720K [0x00000000a0c00000, 0x0000000100000000)
  region size 1024K, 49 young (50176K), 6 survivors (6144K)
 Metaspace       used 28592K, capacity 29303K, committed 29564K, reserved 1075200K
  class space    used 2984K, capacity 3303K, committed 3452K, reserved 1048576K
}
Event: 5.284 GC heap after
{Heap after GC invocations=9 (full 0):
 garbage-first heap   total 118784K, used 39754K [0x00000000a0c00000, 0x0000000100000000)
  region size 1024K, 7 young (7168K), 7 survivors (7168K)
 Metaspace       used 28592K, capacity 29303K, committed 29564K, reserved 1075200K
  class space    used 2984K, capacity 3303K, committed 3452K, reserved 1048576K
}
Event: 5.785 GC heap before
{Heap before GC invocations=9 (full 0):
 garbage-first heap   total 118784K, used 83786K [0x00000000a0c00000, 0x0000000100000000)
  region size 1024K, 50 young (51200K), 7 survivors (7168K)
 Metaspace       used 30180K, capacity 30944K, committed 31228K, reserved 1077248K
  class space    used 3163K, capacity 3509K, committed 3580K, reserved 1048576K
}
Event: 5.802 GC heap after
{Heap after GC invocations=10 (full 0):
 garbage-first heap   total 143360K, used 44824K [0x00000000a0c00000, 0x0000000100000000)
  region size 1024K, 5 young (5120K), 5 survivors (5120K)
 Metaspace       used 30180K, capacity 30944K, committed 31228K, reserved 1077248K
  class space    used 3163K, capacity 3509K, committed 3580K, reserved 1048576K
}
Event: 6.353 GC heap before
{Heap before GC invocations=10 (full 0):
 garbage-first heap   total 143360K, used 96024K [0x00000000a0c00000, 0x0000000100000000)
  region size 1024K, 55 young (56320K), 5 survivors (5120K)
 Metaspace       used 32881K, capacity 33692K, committed 33916K, reserved 1079296K
  class space    used 3493K, capacity 3833K, committed 3964K, reserved 1048576K
}
Event: 6.365 GC heap after
{Heap after GC invocations=11 (full 0):
 garbage-first heap   total 143360K, used 49098K [0x00000000a0c00000, 0x0000000100000000)
  region size 1024K, 5 young (5120K), 5 survivors (5120K)
 Metaspace       used 32881K, capacity 33692K, committed 33916K, reserved 1079296K
  class space    used 3493K, capacity 3833K, committed 3964K, reserved 1048576K
}
Event: 6.883 GC heap before
{Heap before GC invocations=11 (full 0):
 garbage-first heap   total 143360K, used 91082K [0x00000000a0c00000, 0x0000000100000000)
  region size 1024K, 47 young (48128K), 5 survivors (5120K)
 Metaspace       used 35143K, capacity 35911K, committed 36048K, reserved 1081344K
  class space    used 3790K, capacity 4149K, committed 4220K, reserved 1048576K
}
Event: 6.895 GC heap after
{Heap after GC invocations=12 (full 0):
 garbage-first heap   total 143360K, used 53437K [0x00000000a0c00000, 0x0000000100000000)
  region size 1024K, 5 young (5120K), 5 survivors (5120K)
 Metaspace       used 35143K, capacity 35911K, committed 36048K, reserved 1081344K
  class space    used 3790K, capacity 4149K, committed 4220K, reserved 1048576K
}

