# JRE version: Java(TM) SE Runtime Environment 18.9 (11.0.16.1+1) (build 11.0.16.1+1-LTS-1)
# Java VM: Java HotSpot(TM) 64-Bit Server VM 18.9 (11.0.16.1+1-LTS-1, mixed mode, tiered, compressed oops, g1 gc, windows-amd64)
Heap:
 garbage-first heap   total 143360K, used 77280K [0x00000000a0c00000, 0x0000000100000000)
  region size 1024K, 24 young (24576K), 6 survivors (6144K)
 Metaspace       used 39089K, capacity 40113K, committed 40188K, reserved 1085440K
  class space    used 4361K, capacity 4798K, committed 4860K, reserved 1048576K
GC Heap History (10 events):
Event: 5.196 GC heap before
{Heap before GC invocations=7 (full 0):
 garbage-first heap   total 118784K, used 82913K [0x00000000a0c00000, 0x0000000100000000)
  region size 1024K, 57 young (58368K), 5 survivors (5120K)
 Metaspace       used 28026K, capacity 28697K, committed 28924K, reserved 1075200K
  class space    used 2895K, capacity 3207K, committed 3324K, reserved 1048576K
}
Event: 5.212 GC heap after
{Heap after GC invocations=8 (full 0):
 garbage-first heap   total 118784K, used 34422K [0x00000000a0c00000, 0x0000000100000000)
  region size 1024K, 8 young (8192K), 8 survivors (8192K)
 Metaspace       used 28026K, capacity 28697K, committed 28924K, reserved 1075200K
  class space    used 2895K, capacity 3207K, committed 3324K, reserved 1048576K
}
Event: 5.826 GC heap before
{Heap before GC invocations=8 (full 0):
 garbage-first heap   total 118784K, used 86646K [0x00000000a0c00000, 0x0000000100000000)
  region size 1024K, 59 young (60416K), 8 survivors (8192K)
 Metaspace       used 29648K, capacity 30360K, committed 30588K, reserved 1077248K
  class space    used 3088K, capacity 3378K, committed 3452K, reserved 1048576K
}
Event: 5.845 GC heap after
{Heap after GC invocations=9 (full 0):
 garbage-first heap   total 118784K, used 38864K [0x00000000a0c00000, 0x0000000100000000)
  region size 1024K, 5 young (5120K), 5 survivors (5120K)
 Metaspace       used 29648K, capacity 30360K, committed 30588K, reserved 1077248K
  class space    used 3088K, capacity 3378K, committed 3452K, reserved 1048576K
}
Event: 6.420 GC heap before
{Heap before GC invocations=9 (full 0):
 garbage-first heap   total 118784K, used 89040K [0x00000000a0c00000, 0x0000000100000000)
  region size 1024K, 54 young (55296K), 5 survivors (5120K)
 Metaspace       used 31731K, capacity 32477K, committed 32764K, reserved 1079296K
  class space    used 3373K, capacity 3705K, committed 3836K, reserved 1048576K
}
Event: 6.436 GC heap after
{Heap after GC invocations=10 (full 0):
 garbage-first heap   total 143360K, used 43487K [0x00000000a0c00000, 0x0000000100000000)
  region size 1024K, 5 young (5120K), 5 survivors (5120K)
 Metaspace       used 31731K, capacity 32477K, committed 32764K, reserved 1079296K
  class space    used 3373K, capacity 3705K, committed 3836K, reserved 1048576K
}
Event: 7.170 GC heap before
{Heap before GC invocations=10 (full 0):
 garbage-first heap   total 143360K, used 101855K [0x00000000a0c00000, 0x0000000100000000)
  region size 1024K, 63 young (64512K), 5 survivors (5120K)
 Metaspace       used 35129K, capacity 35912K, committed 36048K, reserved 1081344K
  class space    used 3795K, capacity 4149K, committed 4220K, reserved 1048576K
}
Event: 7.186 GC heap after
{Heap after GC invocations=11 (full 0):
 garbage-first heap   total 143360K, used 49152K [0x00000000a0c00000, 0x0000000100000000)
  region size 1024K, 8 young (8192K), 8 survivors (8192K)
 Metaspace       used 35129K, capacity 35912K, committed 36048K, reserved 1081344K
  class space    used 3795K, capacity 4149K, committed 4220K, reserved 1048576K
}
Event: 8.274 GC heap before
{Heap before GC invocations=12 (full 0):
 garbage-first heap   total 143360K, used 107520K [0x00000000a0c00000, 0x0000000100000000)
  region size 1024K, 65 young (66560K), 8 survivors (8192K)
 Metaspace       used 38206K, capacity 39214K, committed 39292K, reserved 1083392K
  class space    used 4226K, capacity 4669K, committed 4732K, reserved 1048576K
}
Event: 8.291 GC heap after
{Heap after GC invocations=13 (full 0):
 garbage-first heap   total 143360K, used 54752K [0x00000000a0c00000, 0x0000000100000000)
  region size 1024K, 6 young (6144K), 6 survivors (6144K)
 Metaspace       used 38206K, capacity 39214K, committed 39292K, reserved 1083392K
  class space    used 4226K, capacity 4669K, committed 4732K, reserved 1048576K
}

