# JRE version: Java(TM) SE Runtime Environment 18.9 (11.0.16.1+1) (build 11.0.16.1+1-LTS-1)
# Java VM: Java HotSpot(TM) 64-Bit Server VM 18.9 (11.0.16.1+1-LTS-1, mixed mode, tiered, compressed oops, g1 gc, windows-amd64)
Heap:
 garbage-first heap   total 172032K, used 99958K [0x00000000a0c00000, 0x0000000100000000)
  region size 1024K, 36 young (36864K), 8 survivors (8192K)
 Metaspace       used 43494K, capacity 44698K, committed 44924K, reserved 1089536K
  class space    used 4993K, capacity 5482K, committed 5504K, reserved 1048576K
GC Heap History (10 events):
Event: 6.746 GC heap before
{Heap before GC invocations=10 (full 0):
 garbage-first heap   total 143360K, used 96217K [0x00000000a0c00000, 0x0000000100000000)
  region size 1024K, 58 young (59392K), 7 survivors (7168K)
 Metaspace       used 32711K, capacity 33523K, committed 33788K, reserved 1079296K
  class space    used 3470K, capacity 3798K, committed 3840K, reserved 1048576K
}
Event: 6.760 GC heap after
{Heap after GC invocations=11 (full 0):
 garbage-first heap   total 143360K, used 48604K [0x00000000a0c00000, 0x0000000100000000)
  region size 1024K, 8 young (8192K), 8 survivors (8192K)
 Metaspace       used 32711K, capacity 33523K, committed 33788K, reserved 1079296K
  class space    used 3470K, capacity 3798K, committed 3840K, reserved 1048576K
}
Event: 7.318 GC heap before
{Heap before GC invocations=11 (full 0):
 garbage-first heap   total 143360K, used 91612K [0x00000000a0c00000, 0x0000000100000000)
  region size 1024K, 51 young (52224K), 8 survivors (8192K)
 Metaspace       used 35018K, capacity 35838K, committed 35964K, reserved 1081344K
  class space    used 3776K, capacity 4146K, committed 4224K, reserved 1048576K
}
Event: 7.333 GC heap after
{Heap after GC invocations=12 (full 0):
 garbage-first heap   total 143360K, used 53928K [0x00000000a0c00000, 0x0000000100000000)
  region size 1024K, 5 young (5120K), 5 survivors (5120K)
 Metaspace       used 35018K, capacity 35838K, committed 35964K, reserved 1081344K
  class space    used 3776K, capacity 4146K, committed 4224K, reserved 1048576K
}
Event: 8.257 GC heap before
{Heap before GC invocations=13 (full 0):
 garbage-first heap   total 143360K, used 103080K [0x00000000a0c00000, 0x0000000100000000)
  region size 1024K, 53 young (54272K), 5 survivors (5120K)
 Metaspace       used 37722K, capacity 38756K, committed 38908K, reserved 1083392K
  class space    used 4161K, capacity 4602K, committed 4608K, reserved 1048576K
}
Event: 8.269 GC heap after
{Heap after GC invocations=14 (full 0):
 garbage-first heap   total 143360K, used 58492K [0x00000000a0c00000, 0x0000000100000000)
  region size 1024K, 5 young (5120K), 5 survivors (5120K)
 Metaspace       used 37722K, capacity 38756K, committed 38908K, reserved 1083392K
  class space    used 4161K, capacity 4602K, committed 4608K, reserved 1048576K
}
Event: 10.239 GC heap before
{Heap before GC invocations=14 (full 0):
 garbage-first heap   total 143360K, used 111740K [0x00000000a0c00000, 0x0000000100000000)
  region size 1024K, 52 young (53248K), 5 survivors (5120K)
 Metaspace       used 39983K, capacity 41027K, committed 41084K, reserved 1085440K
  class space    used 4497K, capacity 4954K, committed 4992K, reserved 1048576K
}
Event: 10.254 GC heap after
{Heap after GC invocations=15 (full 0):
 garbage-first heap   total 172032K, used 67384K [0x00000000a0c00000, 0x0000000100000000)
  region size 1024K, 4 young (4096K), 4 survivors (4096K)
 Metaspace       used 39983K, capacity 41027K, committed 41084K, reserved 1085440K
  class space    used 4497K, capacity 4954K, committed 4992K, reserved 1048576K
}
Event: 17.692 GC heap before
{Heap before GC invocations=15 (full 0):
 garbage-first heap   total 172032K, used 123704K [0x00000000a0c00000, 0x0000000100000000)
  region size 1024K, 59 young (60416K), 4 survivors (4096K)
 Metaspace       used 42647K, capacity 43834K, committed 44028K, reserved 1087488K
  class space    used 4811K, capacity 5322K, committed 5376K, reserved 1048576K
}
Event: 17.701 GC heap after
{Heap after GC invocations=16 (full 0):
 garbage-first heap   total 172032K, used 72310K [0x00000000a0c00000, 0x0000000100000000)
  region size 1024K, 8 young (8192K), 8 survivors (8192K)
 Metaspace       used 42647K, capacity 43834K, committed 44028K, reserved 1087488K
  class space    used 4811K, capacity 5322K, committed 5376K, reserved 1048576K
}

