# JRE version: Java(TM) SE Runtime Environment 18.9 (11.0.16.1+1) (build 11.0.16.1+1-LTS-1)
# Java VM: Java HotSpot(TM) 64-Bit Server VM 18.9 (11.0.16.1+1-LTS-1, mixed mode, tiered, compressed oops, g1 gc, windows-amd64)
Heap:
 garbage-first heap   total 172032K, used 81978K [0x00000000a0c00000, 0x0000000100000000)
  region size 1024K, 20 young (20480K), 7 survivors (7168K)
 Metaspace       used 42467K, capacity 43632K, committed 43932K, reserved 1087488K
  class space    used 4806K, capacity 5320K, committed 5376K, reserved 1048576K
GC Heap History (10 events):
Event: 6.821 GC heap before
{Heap before GC invocations=11 (full 0):
 garbage-first heap   total 143360K, used 99601K [0x00000000a0c00000, 0x0000000100000000)
  region size 1024K, 55 young (56320K), 5 survivors (5120K)
 Metaspace       used 34916K, capacity 35710K, committed 35964K, reserved 1081344K
  class space    used 3771K, capacity 4146K, committed 4224K, reserved 1048576K
}
Event: 6.834 GC heap after
{Heap after GC invocations=12 (full 0):
 garbage-first heap   total 143360K, used 53820K [0x00000000a0c00000, 0x0000000100000000)
  region size 1024K, 5 young (5120K), 5 survivors (5120K)
 Metaspace       used 34916K, capacity 35710K, committed 35964K, reserved 1081344K
  class space    used 3771K, capacity 4146K, committed 4224K, reserved 1048576K
}
Event: 6.887 GC heap before
{Heap before GC invocations=12 (full 0):
 garbage-first heap   total 143360K, used 57916K [0x00000000a0c00000, 0x0000000100000000)
  region size 1024K, 10 young (10240K), 5 survivors (5120K)
 Metaspace       used 35086K, capacity 35841K, committed 35964K, reserved 1081344K
  class space    used 3791K, capacity 4147K, committed 4224K, reserved 1048576K
}
Event: 6.893 GC heap after
{Heap after GC invocations=13 (full 0):
 garbage-first heap   total 143360K, used 55090K [0x00000000a0c00000, 0x0000000100000000)
  region size 1024K, 1 young (1024K), 1 survivors (1024K)
 Metaspace       used 35086K, capacity 35841K, committed 35964K, reserved 1081344K
  class space    used 3791K, capacity 4147K, committed 4224K, reserved 1048576K
}
Event: 7.570 GC heap before
{Heap before GC invocations=14 (full 0):
 garbage-first heap   total 143360K, used 92978K [0x00000000a0c00000, 0x0000000100000000)
  region size 1024K, 38 young (38912K), 1 survivors (1024K)
 Metaspace       used 37376K, capacity 38398K, committed 38556K, reserved 1083392K
  class space    used 4126K, capacity 4568K, committed 4608K, reserved 1048576K
}
Event: 7.577 GC heap after
{Heap after GC invocations=15 (full 0):
 garbage-first heap   total 143360K, used 57697K [0x00000000a0c00000, 0x0000000100000000)
  region size 1024K, 4 young (4096K), 4 survivors (4096K)
 Metaspace       used 37376K, capacity 38398K, committed 38556K, reserved 1083392K
  class space    used 4126K, capacity 4568K, committed 4608K, reserved 1048576K
}
Event: 9.154 GC heap before
{Heap before GC invocations=16 (full 0):
 garbage-first heap   total 143360K, used 101729K [0x00000000a0c00000, 0x0000000100000000)
  region size 1024K, 42 young (43008K), 4 survivors (4096K)
 Metaspace       used 39109K, capacity 40175K, committed 40348K, reserved 1085440K
  class space    used 4368K, capacity 4798K, committed 4864K, reserved 1048576K
}
Event: 9.164 GC heap after
{Heap after GC invocations=17 (full 0):
 garbage-first heap   total 172032K, used 65848K [0x00000000a0c00000, 0x0000000100000000)
  region size 1024K, 6 young (6144K), 6 survivors (6144K)
 Metaspace       used 39109K, capacity 40175K, committed 40348K, reserved 1085440K
  class space    used 4368K, capacity 4798K, committed 4864K, reserved 1048576K
}
Event: 10.129 GC heap before
{Heap before GC invocations=17 (full 0):
 garbage-first heap   total 172032K, used 116024K [0x00000000a0c00000, 0x0000000100000000)
  region size 1024K, 55 young (56320K), 6 survivors (6144K)
 Metaspace       used 41714K, capacity 42834K, committed 43036K, reserved 1087488K
  class space    used 4689K, capacity 5155K, committed 5248K, reserved 1048576K
}
Event: 10.139 GC heap after
{Heap after GC invocations=18 (full 0):
 garbage-first heap   total 172032K, used 69690K [0x00000000a0c00000, 0x0000000100000000)
  region size 1024K, 7 young (7168K), 7 survivors (7168K)
 Metaspace       used 41714K, capacity 42834K, committed 43036K, reserved 1087488K
  class space    used 4689K, capacity 5155K, committed 5248K, reserved 1048576K
}

